[debug] [2023-09-23T13:30:43.861Z] ----------------------------------------------------------------------
[debug] [2023-09-23T13:30:43.863Z] Command:       C:\Program Files\nodejs\node.exe C:\Program Files\nodejs\node_modules\firebase-tools\lib\bin\firebase.js login
[debug] [2023-09-23T13:30:43.864Z] CLI Version:   12.5.4
[debug] [2023-09-23T13:30:43.864Z] Platform:      win32
[debug] [2023-09-23T13:30:43.864Z] Node Version:  v18.14.0
[debug] [2023-09-23T13:30:43.865Z] Time:          Sat Sep 23 2023 20:30:43 GMT+0700 (Western Indonesia Time)
[debug] [2023-09-23T13:30:43.865Z] ----------------------------------------------------------------------
[debug] 
[debug] [2023-09-23T13:30:43.869Z] >>> [apiv2][query] GET https://firebase-public.firebaseio.com/cli.json [none]
[info] i  Firebase optionally collects CLI and Emulator Suite usage and error reporting information to help improve our products. Data is collected in accordance with Google's privacy policy (https://policies.google.com/privacy) and is not used to identify you.
 
[info] i  To change your data collection preference at any time, run `firebase logout` and log in again. 
[info] 
[info] Visit this URL on this device to log in:
[info] https://accounts.google.com/o/oauth2/auth?client_id=563584335869-fgrhgmd47bqnekij5i8b5pr03ho849e6.apps.googleusercontent.com&scope=email%20openid%20https%3A%2F%2Fwww.googleapis.com%2Fauth%2Fcloudplatformprojects.readonly%20https%3A%2F%2Fwww.googleapis.com%2Fauth%2Ffirebase%20https%3A%2F%2Fwww.googleapis.com%2Fauth%2Fcloud-platform&response_type=code&state=634069400&redirect_uri=http%3A%2F%2Flocalhost%3A9005
[info] 
[info] Waiting for authentication...
[debug] [2023-09-23T13:30:54.968Z] *** [apiv2] error from fetch(https://firebase-public.firebaseio.com/cli.json, {"headers":{},"method":"GET"}): FetchError: request to https://firebase-public.firebaseio.com/cli.json failed, reason: getaddrinfo ENOTFOUND firebase-public.firebaseio.com
[warn] !  Unable to fetch the CLI MOTD and remote config. 
[debug] [2023-09-23T13:30:54.970Z] Failed to fetch MOTD FirebaseError: Failed to make request to https://firebase-public.firebaseio.com/cli.json
[debug] [2023-09-23T13:30:57.880Z] >>> [apiv2][query] POST https://accounts.google.com/o/oauth2/token [none]
[debug] [2023-09-23T13:30:57.880Z] >>> [apiv2][body] POST https://accounts.google.com/o/oauth2/token [omitted]
[debug] [2023-09-23T13:31:09.169Z] <<< [apiv2][status] POST https://accounts.google.com/o/oauth2/token 200
[debug] [2023-09-23T13:31:09.169Z] <<< [apiv2][body] POST https://accounts.google.com/o/oauth2/token [omitted]
[info] 
[info] +  Success! Logged in as fadilahagiel@gmail.com 
[debug] [2023-09-23T13:31:21.134Z] ----------------------------------------------------------------------
[debug] [2023-09-23T13:31:21.136Z] Command:       C:\Program Files\nodejs\node.exe C:\Program Files\nodejs\node_modules\firebase-tools\lib\bin\firebase.js login
[debug] [2023-09-23T13:31:21.136Z] CLI Version:   12.5.4
[debug] [2023-09-23T13:31:21.137Z] Platform:      win32
[debug] [2023-09-23T13:31:21.137Z] Node Version:  v18.14.0
[debug] [2023-09-23T13:31:21.138Z] Time:          Sat Sep 23 2023 20:31:21 GMT+0700 (Western Indonesia Time)
[debug] [2023-09-23T13:31:21.138Z] ----------------------------------------------------------------------
[debug] 
[debug] [2023-09-23T13:31:21.141Z] >>> [apiv2][query] GET https://firebase-public.firebaseio.com/cli.json [none]
[info] Already logged in as fadilahagiel@gmail.com
[debug] [2023-09-23T13:31:26.929Z] ----------------------------------------------------------------------
[debug] [2023-09-23T13:31:26.934Z] Command:       C:\Program Files\nodejs\node.exe C:\Program Files\nodejs\node_modules\firebase-tools\lib\bin\firebase.js init
[debug] [2023-09-23T13:31:26.934Z] CLI Version:   12.5.4
[debug] [2023-09-23T13:31:26.935Z] Platform:      win32
[debug] [2023-09-23T13:31:26.935Z] Node Version:  v18.14.0
[debug] [2023-09-23T13:31:26.936Z] Time:          Sat Sep 23 2023 20:31:26 GMT+0700 (Western Indonesia Time)
[debug] [2023-09-23T13:31:26.936Z] ----------------------------------------------------------------------
[debug] 
[debug] [2023-09-23T13:31:26.939Z] >>> [apiv2][query] GET https://firebase-public.firebaseio.com/cli.json [none]
[debug] [2023-09-23T13:31:26.998Z] > command requires scopes: ["email","openid","https://www.googleapis.com/auth/cloudplatformprojects.readonly","https://www.googleapis.com/auth/firebase","https://www.googleapis.com/auth/cloud-platform"]
[debug] [2023-09-23T13:31:26.999Z] > authorizing via signed-in user (fadilahagiel@gmail.com)
[info] 
     ######## #### ########  ######## ########     ###     ######  ########
     ##        ##  ##     ## ##       ##     ##  ##   ##  ##       ##
     ######    ##  ########  ######   ########  #########  ######  ######
     ##        ##  ##    ##  ##       ##     ## ##     ##       ## ##
     ##       #### ##     ## ######## ########  ##     ##  ######  ########

You're about to initialize a Firebase project in this directory:

  C:\Projects\pokemon-app

Before we get started, keep in mind:

  * You are currently outside your home directory

[debug] [2023-09-23T13:31:32.244Z] *** [apiv2] error from fetch(https://firebase-public.firebaseio.com/cli.json, {"headers":{},"method":"GET"}): FetchError: request to https://firebase-public.firebaseio.com/cli.json failed, reason: getaddrinfo ENOTFOUND firebase-public.firebaseio.com
[warn] !  Unable to fetch the CLI MOTD and remote config. 
[debug] [2023-09-23T13:31:32.246Z] Failed to fetch MOTD FirebaseError: Failed to make request to https://firebase-public.firebaseio.com/cli.json
[info] 
=== Project Setup
[info] 
[info] First, let's associate this project directory with a Firebase project.
[info] You can create multiple project aliases by running firebase use --add, 
[info] but for now we'll just set up a default project.
[info] 
[debug] [2023-09-23T13:32:39.546Z] >>> [apiv2][query] GET https://firebase.googleapis.com/v1beta1/projects pageSize=100
[debug] [2023-09-23T13:32:50.592Z] *** [apiv2] error from fetch(https://firebase.googleapis.com/v1beta1/projects?pageSize=100, {"headers":{},"method":"GET","signal":{}}): FetchError: request to https://firebase.googleapis.com/v1beta1/projects?pageSize=100 failed, reason: getaddrinfo ENOTFOUND firebase.googleapis.com
[debug] [2023-09-23T13:32:50.593Z] Failed to make request to https://firebase.googleapis.com/v1beta1/projects?pageSize=100
[debug] [2023-09-23T13:32:55.610Z] Error: Timed out.
    at Timeout._onTimeout (C:\Users\FADILAH.AGIEL\AppData\Roaming\nvm\v18.14.0\node_modules\firebase-tools\lib\utils.js:254:49)
    at listOnTimeout (node:internal/timers:569:17)
    at process.processTimers (node:internal/timers:512:7)
[error] 
[error] Error: An unexpected error has occurred.
[debug] [2023-09-23T13:33:13.369Z] ----------------------------------------------------------------------
[debug] [2023-09-23T13:33:13.371Z] Command:       C:\Program Files\nodejs\node.exe C:\Program Files\nodejs\node_modules\firebase-tools\lib\bin\firebase.js init
[debug] [2023-09-23T13:33:13.372Z] CLI Version:   12.5.4
[debug] [2023-09-23T13:33:13.372Z] Platform:      win32
[debug] [2023-09-23T13:33:13.372Z] Node Version:  v18.14.0
[debug] [2023-09-23T13:33:13.373Z] Time:          Sat Sep 23 2023 20:33:13 GMT+0700 (Western Indonesia Time)
[debug] [2023-09-23T13:33:13.373Z] ----------------------------------------------------------------------
[debug] 
[debug] [2023-09-23T13:33:13.376Z] >>> [apiv2][query] GET https://firebase-public.firebaseio.com/cli.json [none]
[debug] [2023-09-23T13:33:13.427Z] > command requires scopes: ["email","openid","https://www.googleapis.com/auth/cloudplatformprojects.readonly","https://www.googleapis.com/auth/firebase","https://www.googleapis.com/auth/cloud-platform"]
[debug] [2023-09-23T13:33:13.427Z] > authorizing via signed-in user (fadilahagiel@gmail.com)
[info] 
     ######## #### ########  ######## ########     ###     ######  ########
     ##        ##  ##     ## ##       ##     ##  ##   ##  ##       ##
     ######    ##  ########  ######   ########  #########  ######  ######
     ##        ##  ##    ##  ##       ##     ## ##     ##       ## ##
     ##       #### ##     ## ######## ########  ##     ##  ######  ########

You're about to initialize a Firebase project in this directory:

  C:\Projects\pokemon-app

Before we get started, keep in mind:

  * You are currently outside your home directory

[debug] [2023-09-23T13:33:22.714Z] Error: Timed out.
    at Timeout._onTimeout (C:\Users\FADILAH.AGIEL\AppData\Roaming\nvm\v18.14.0\node_modules\firebase-tools\lib\utils.js:254:49)
    at listOnTimeout (node:internal/timers:569:17)
    at process.processTimers (node:internal/timers:512:7)
[error] 
[error] Error: An unexpected error has occurred.
[debug] [2023-09-23T13:33:33.741Z] ----------------------------------------------------------------------
[debug] [2023-09-23T13:33:33.743Z] Command:       C:\Program Files\nodejs\node.exe C:\Program Files\nodejs\node_modules\firebase-tools\lib\bin\firebase.js init
[debug] [2023-09-23T13:33:33.744Z] CLI Version:   12.5.4
[debug] [2023-09-23T13:33:33.744Z] Platform:      win32
[debug] [2023-09-23T13:33:33.744Z] Node Version:  v18.14.0
[debug] [2023-09-23T13:33:33.745Z] Time:          Sat Sep 23 2023 20:33:33 GMT+0700 (Western Indonesia Time)
[debug] [2023-09-23T13:33:33.745Z] ----------------------------------------------------------------------
[debug] 
[debug] [2023-09-23T13:33:33.748Z] >>> [apiv2][query] GET https://firebase-public.firebaseio.com/cli.json [none]
[debug] [2023-09-23T13:33:33.794Z] > command requires scopes: ["email","openid","https://www.googleapis.com/auth/cloudplatformprojects.readonly","https://www.googleapis.com/auth/firebase","https://www.googleapis.com/auth/cloud-platform"]
[debug] [2023-09-23T13:33:33.794Z] > authorizing via signed-in user (fadilahagiel@gmail.com)
[info] 
     ######## #### ########  ######## ########     ###     ######  ########
     ##        ##  ##     ## ##       ##     ##  ##   ##  ##       ##
     ######    ##  ########  ######   ########  #########  ######  ######
     ##        ##  ##    ##  ##       ##     ## ##     ##       ## ##
     ##       #### ##     ## ######## ########  ##     ##  ######  ########

You're about to initialize a Firebase project in this directory:

  C:\Projects\pokemon-app

Before we get started, keep in mind:

  * You are currently outside your home directory

[debug] [2023-09-23T13:33:44.855Z] *** [apiv2] error from fetch(https://firebase-public.firebaseio.com/cli.json, {"headers":{},"method":"GET"}): FetchError: request to https://firebase-public.firebaseio.com/cli.json failed, reason: getaddrinfo ENOTFOUND firebase-public.firebaseio.com
[warn] !  Unable to fetch the CLI MOTD and remote config. 
[debug] [2023-09-23T13:33:44.859Z] Failed to fetch MOTD FirebaseError: Failed to make request to https://firebase-public.firebaseio.com/cli.json
[info] 
=== Project Setup
[info] 
[info] First, let's associate this project directory with a Firebase project.
[info] You can create multiple project aliases by running firebase use --add, 
[info] but for now we'll just set up a default project.
[info] 
[debug] [2023-09-23T13:33:57.133Z] >>> [apiv2][query] GET https://firebase.googleapis.com/v1beta1/projects pageSize=100
[debug] [2023-09-23T13:34:08.211Z] *** [apiv2] error from fetch(https://firebase.googleapis.com/v1beta1/projects?pageSize=100, {"headers":{},"method":"GET","signal":{}}): FetchError: request to https://firebase.googleapis.com/v1beta1/projects?pageSize=100 failed, reason: getaddrinfo ENOTFOUND firebase.googleapis.com
[debug] [2023-09-23T13:34:08.211Z] Failed to make request to https://firebase.googleapis.com/v1beta1/projects?pageSize=100
[debug] [2023-09-23T13:34:13.228Z] Error: Timed out.
    at Timeout._onTimeout (C:\Users\FADILAH.AGIEL\AppData\Roaming\nvm\v18.14.0\node_modules\firebase-tools\lib\utils.js:254:49)
    at listOnTimeout (node:internal/timers:569:17)
    at process.processTimers (node:internal/timers:512:7)
[error] 
[error] Error: An unexpected error has occurred.
[debug] [2023-09-23T13:35:41.073Z] ----------------------------------------------------------------------
[debug] [2023-09-23T13:35:41.075Z] Command:       C:\Program Files\nodejs\node.exe C:\Program Files\nodejs\node_modules\firebase-tools\lib\bin\firebase.js init
[debug] [2023-09-23T13:35:41.075Z] CLI Version:   12.5.4
[debug] [2023-09-23T13:35:41.075Z] Platform:      win32
[debug] [2023-09-23T13:35:41.076Z] Node Version:  v18.14.0
[debug] [2023-09-23T13:35:41.079Z] Time:          Sat Sep 23 2023 20:35:41 GMT+0700 (Western Indonesia Time)
[debug] [2023-09-23T13:35:41.079Z] ----------------------------------------------------------------------
[debug] 
[debug] [2023-09-23T13:35:41.083Z] >>> [apiv2][query] GET https://firebase-public.firebaseio.com/cli.json [none]
[debug] [2023-09-23T13:35:41.151Z] > command requires scopes: ["email","openid","https://www.googleapis.com/auth/cloudplatformprojects.readonly","https://www.googleapis.com/auth/firebase","https://www.googleapis.com/auth/cloud-platform"]
[debug] [2023-09-23T13:35:41.151Z] > authorizing via signed-in user (fadilahagiel@gmail.com)
[info] 
     ######## #### ########  ######## ########     ###     ######  ########
     ##        ##  ##     ## ##       ##     ##  ##   ##  ##       ##
     ######    ##  ########  ######   ########  #########  ######  ######
     ##        ##  ##    ##  ##       ##     ## ##     ##       ## ##
     ##       #### ##     ## ######## ########  ##     ##  ######  ########

You're about to initialize a Firebase project in this directory:

  C:\Projects\pokemon-app

Before we get started, keep in mind:

  * You are currently outside your home directory

[debug] [2023-09-23T13:35:50.323Z] Error: Timed out.
    at Timeout._onTimeout (C:\Users\FADILAH.AGIEL\AppData\Roaming\nvm\v18.14.0\node_modules\firebase-tools\lib\utils.js:254:49)
    at listOnTimeout (node:internal/timers:569:17)
    at process.processTimers (node:internal/timers:512:7)
[error] 
[error] Error: An unexpected error has occurred.
[debug] [2023-09-23T13:36:00.034Z] ----------------------------------------------------------------------
[debug] [2023-09-23T13:36:00.036Z] Command:       C:\Program Files\nodejs\node.exe C:\Program Files\nodejs\node_modules\firebase-tools\lib\bin\firebase.js init
[debug] [2023-09-23T13:36:00.036Z] CLI Version:   12.5.4
[debug] [2023-09-23T13:36:00.037Z] Platform:      win32
[debug] [2023-09-23T13:36:00.037Z] Node Version:  v18.14.0
[debug] [2023-09-23T13:36:00.038Z] Time:          Sat Sep 23 2023 20:36:00 GMT+0700 (Western Indonesia Time)
[debug] [2023-09-23T13:36:00.038Z] ----------------------------------------------------------------------
[debug] 
[debug] [2023-09-23T13:36:00.041Z] >>> [apiv2][query] GET https://firebase-public.firebaseio.com/cli.json [none]
[debug] [2023-09-23T13:36:00.095Z] > command requires scopes: ["email","openid","https://www.googleapis.com/auth/cloudplatformprojects.readonly","https://www.googleapis.com/auth/firebase","https://www.googleapis.com/auth/cloud-platform"]
[debug] [2023-09-23T13:36:00.096Z] > authorizing via signed-in user (fadilahagiel@gmail.com)
[info] 
     ######## #### ########  ######## ########     ###     ######  ########
     ##        ##  ##     ## ##       ##     ##  ##   ##  ##       ##
     ######    ##  ########  ######   ########  #########  ######  ######
     ##        ##  ##    ##  ##       ##     ## ##     ##       ## ##
     ##       #### ##     ## ######## ########  ##     ##  ######  ########

You're about to initialize a Firebase project in this directory:

  C:\Projects\pokemon-app

Before we get started, keep in mind:

  * You are currently outside your home directory

[info] 
=== Project Setup
[info] 
[info] First, let's associate this project directory with a Firebase project.
[info] You can create multiple project aliases by running firebase use --add, 
[info] but for now we'll just set up a default project.
[info] 
[debug] [2023-09-23T13:36:11.150Z] *** [apiv2] error from fetch(https://firebase-public.firebaseio.com/cli.json, {"headers":{},"method":"GET"}): FetchError: request to https://firebase-public.firebaseio.com/cli.json failed, reason: getaddrinfo ENOTFOUND firebase-public.firebaseio.com
[warn] !  Unable to fetch the CLI MOTD and remote config. 
[debug] [2023-09-23T13:36:11.151Z] Failed to fetch MOTD FirebaseError: Failed to make request to https://firebase-public.firebaseio.com/cli.json
[info] i  If you want to create a project in a Google Cloud organization or folder, please use "firebase projects:create" instead, and return to this command when you've created the project. 
[debug] [2023-09-23T13:36:47.904Z] >>> [apiv2][query] POST https://cloudresourcemanager.googleapis.com/v1/projects [none]
[debug] [2023-09-23T13:36:47.905Z] >>> [apiv2][body] POST https://cloudresourcemanager.googleapis.com/v1/projects {"projectId":"pokemon1001","name":"0011"}
[debug] [2023-09-23T13:36:58.986Z] *** [apiv2] error from fetch(https://cloudresourcemanager.googleapis.com/v1/projects, {"headers":{},"method":"POST","signal":{},"body":"{\"projectId\":\"pokemon1001\",\"name\":\"0011\"}"}): FetchError: request to https://cloudresourcemanager.googleapis.com/v1/projects failed, reason: getaddrinfo ENOTFOUND cloudresourcemanager.googleapis.com
[debug] [2023-09-23T13:37:04.010Z] Error: Timed out.
    at Timeout._onTimeout (C:\Users\FADILAH.AGIEL\AppData\Roaming\nvm\v18.14.0\node_modules\firebase-tools\lib\utils.js:254:49)
    at listOnTimeout (node:internal/timers:569:17)
    at process.processTimers (node:internal/timers:512:7)
[error] 
[error] Error: An unexpected error has occurred.
